<?xml version="1.0" encoding="UTF-8"?>
<testsuites name="SP1" time="121.41" tests="10" failures="0" skips="0" errors="0">
   <testsuite name="SP1" tests="10" failures="0" errors="0" time="121.41" skips="0" timestamp="2022-01-24 21:00:18" hostname="Fanny Restu Anindi - 192.168.0.7" id="Test Suites/SP1">
      <properties>
         <property name="deviceName" value=""/>
         <property name="devicePlatform" value=""/>
         <property name="logFolder" value="C:\\Users\\Fanny Restu Anindi\\Katalon Studio\\Midtrans\\Reports\\20220124_210008\\SP1\\20220124_210008"/>
         <property name="logFiles" value="C:\\Users\\Fanny Restu Anindi\\Katalon Studio\\Midtrans\\Reports\\20220124_210008\\SP1\\20220124_210008\\execution0.log"/>
         <property name="attachments" value=""/>
         <property name="hostName" value="Fanny Restu Anindi - 192.168.0.7"/>
         <property name="os" value="Windows 10 32bit"/>
         <property name="katalonVersion" value="7.8.2.208"/>
         <property name="browser" value="Chrome 97.0.4692.99"/>
         <property name="hostAddress" value="192.168.0.7"/>
         <property name="sessionId" value="1d4b2e911acc9c2c93b9436a988d8ee1"/>
         <property name="seleniumVersion" value="3.141.59"/>
         <property name="proxyInformation" value="ProxyInformation { proxyOption=NO_PROXY, proxyServerType=HTTP, username=, password=********, proxyServerAddress=, proxyServerPort=0, executionList=&quot;&quot;, isApplyToDesiredCapabilities=true }"/>
         <property name="platform" value="Windows 10"/>
      </properties>
      <testcase name="Test Cases/TC01" time="5.564" classname="Test Cases/TC01" status="PASSED">
         <system-out><![CDATA[2022-01-24 21:00:19 - [TEST_CASE][PASSED] - Test Cases/TC01: Test Cases/TC01

2022-01-24 21:00:20 - [TEST_STEP][PASSED] - openBrowser(""): Browser is opened with url: ''

2022-01-24 21:00:20 - [MESSAGE][INFO] - Starting 'Chrome' driver

2022-01-24 21:00:21 - [MESSAGE][INFO] - Action delay is set to 0 milliseconds

2022-01-24 21:00:23 - [MESSAGE][PASSED] - Browser is opened with url: ''

2022-01-24 21:00:23 - [TEST_STEP][PASSED] - navigateToUrl("demo.midtrans.com"): Navigate to 'http://demo.midtrans.com' successfully

2022-01-24 21:00:24 - [MESSAGE][PASSED] - Navigate to 'http://demo.midtrans.com' successfully

2022-01-24 21:00:24 - [TEST_STEP][PASSED] - click(findTestObject("Home/button_next")): Object: 'Object Repository/Home/button_next' is clicked on

2022-01-24 21:00:25 - [MESSAGE][PASSED] - Object: 'Object Repository/Home/button_next' is clicked on]]></system-out>
         <system-err><![CDATA[]]></system-err>
      </testcase>
      <testcase name="Test Cases/TC02" time="4.832" classname="Test Cases/TC02" status="PASSED">
         <system-out><![CDATA[2022-01-24 21:00:25 - [TEST_CASE][PASSED] - Test Cases/TC02: Test Cases/TC02

2022-01-24 21:00:26 - [TEST_STEP][PASSED] - openBrowser(""): Browser is opened with url: ''

2022-01-24 21:00:26 - [MESSAGE][WARNING] - A browser is already opened. Closing browser and opening a new one

2022-01-24 21:00:26 - [MESSAGE][INFO] - Starting 'Chrome' driver

2022-01-24 21:00:26 - [MESSAGE][INFO] - Action delay is set to 0 milliseconds

2022-01-24 21:00:28 - [MESSAGE][PASSED] - Browser is opened with url: ''

2022-01-24 21:00:28 - [TEST_STEP][PASSED] - navigateToUrl("demo.midtrans.com"): Navigate to 'http://demo.midtrans.com' successfully

2022-01-24 21:00:29 - [MESSAGE][PASSED] - Navigate to 'http://demo.midtrans.com' successfully

2022-01-24 21:00:29 - [TEST_STEP][PASSED] - click(findTestObject("Home/button_buynow"), STOP_ON_FAILURE): Object: 'Object Repository/Home/button_buynow' is clicked on

2022-01-24 21:00:30 - [MESSAGE][PASSED] - Object: 'Object Repository/Home/button_buynow' is clicked on]]></system-out>
         <system-err><![CDATA[]]></system-err>
      </testcase>
      <testcase name="Test Cases/TC03" time="6.337" classname="Test Cases/TC03" status="PASSED">
         <system-out><![CDATA[2022-01-24 21:00:30 - [TEST_CASE][PASSED] - Test Cases/TC03: Test Cases/TC03

2022-01-24 21:00:30 - [TEST_STEP][PASSED] - openBrowser(""): Browser is opened with url: ''

2022-01-24 21:00:31 - [MESSAGE][WARNING] - A browser is already opened. Closing browser and opening a new one

2022-01-24 21:00:31 - [MESSAGE][INFO] - Starting 'Chrome' driver

2022-01-24 21:00:31 - [MESSAGE][INFO] - Action delay is set to 0 milliseconds

2022-01-24 21:00:32 - [MESSAGE][PASSED] - Browser is opened with url: ''

2022-01-24 21:00:32 - [TEST_STEP][PASSED] - navigateToUrl("demo.midtrans.com"): Navigate to 'http://demo.midtrans.com' successfully

2022-01-24 21:00:34 - [MESSAGE][PASSED] - Navigate to 'http://demo.midtrans.com' successfully

2022-01-24 21:00:34 - [TEST_STEP][PASSED] - click(findTestObject("Home/button_buynow")): Object: 'Object Repository/Home/button_buynow' is clicked on

2022-01-24 21:00:35 - [MESSAGE][PASSED] - Object: 'Object Repository/Home/button_buynow' is clicked on

2022-01-24 21:00:35 - [TEST_STEP][PASSED] - click(findTestObject("ShoppingCart/button_cancel")): Object: 'Object Repository/ShoppingCart/button_cancel' is clicked on

2022-01-24 21:00:35 - [MESSAGE][PASSED] - Object: 'Object Repository/ShoppingCart/button_cancel' is clicked on

2022-01-24 21:00:35 - [TEST_STEP][PASSED] - closeBrowser(): Browser is closed

2022-01-24 21:00:36 - [MESSAGE][PASSED] - Browser is closed]]></system-out>
         <system-err><![CDATA[]]></system-err>
      </testcase>
      <testcase name="Test Cases/TC04" time="5.61" classname="Test Cases/TC04" status="PASSED">
         <system-out><![CDATA[2022-01-24 21:00:36 - [TEST_CASE][PASSED] - Test Cases/TC04: Test Cases/TC04

2022-01-24 21:00:37 - [TEST_STEP][PASSED] - openBrowser(""): Browser is opened with url: ''

2022-01-24 21:00:37 - [MESSAGE][INFO] - Starting 'Chrome' driver

2022-01-24 21:00:37 - [MESSAGE][INFO] - Action delay is set to 0 milliseconds

2022-01-24 21:00:38 - [MESSAGE][PASSED] - Browser is opened with url: ''

2022-01-24 21:00:38 - [TEST_STEP][PASSED] - navigateToUrl("demo.midtrans.com"): Navigate to 'http://demo.midtrans.com' successfully

2022-01-24 21:00:40 - [MESSAGE][PASSED] - Navigate to 'http://demo.midtrans.com' successfully

2022-01-24 21:00:40 - [TEST_STEP][PASSED] - click(findTestObject("Home/button_buynow")): Object: 'Object Repository/Home/button_buynow' is clicked on

2022-01-24 21:00:40 - [MESSAGE][PASSED] - Object: 'Object Repository/Home/button_buynow' is clicked on

2022-01-24 21:00:40 - [TEST_STEP][PASSED] - setText(findTestObject("ShoppingCart/input_amount"), "120000"): Text '120000' is set on object 'Object Repository/ShoppingCart/input_amount'

2022-01-24 21:00:41 - [MESSAGE][PASSED] - Text '120000' is set on object 'Object Repository/ShoppingCart/input_amount'

2022-01-24 21:00:41 - [TEST_STEP][PASSED] - click(findTestObject("ShoppingCart/button_checkout")): Object: 'Object Repository/ShoppingCart/button_checkout' is clicked on

2022-01-24 21:00:42 - [MESSAGE][PASSED] - Object: 'Object Repository/ShoppingCart/button_checkout' is clicked on]]></system-out>
         <system-err><![CDATA[]]></system-err>
      </testcase>
      <testcase name="Test Cases/TC05" time="11.104" classname="Test Cases/TC05" status="PASSED">
         <system-out><![CDATA[2022-01-24 21:00:42 - [TEST_CASE][PASSED] - Test Cases/TC05: Test Cases/TC05

2022-01-24 21:00:42 - [TEST_STEP][PASSED] - openBrowser(""): Browser is opened with url: ''

2022-01-24 21:00:42 - [MESSAGE][WARNING] - A browser is already opened. Closing browser and opening a new one

2022-01-24 21:00:43 - [MESSAGE][INFO] - Starting 'Chrome' driver

2022-01-24 21:00:43 - [MESSAGE][INFO] - Action delay is set to 0 milliseconds

2022-01-24 21:00:44 - [MESSAGE][PASSED] - Browser is opened with url: ''

2022-01-24 21:00:44 - [TEST_STEP][PASSED] - navigateToUrl("demo.midtrans.com"): Navigate to 'http://demo.midtrans.com' successfully

2022-01-24 21:00:45 - [MESSAGE][PASSED] - Navigate to 'http://demo.midtrans.com' successfully

2022-01-24 21:00:45 - [TEST_STEP][PASSED] - click(findTestObject("Home/button_buynow")): Object: 'Object Repository/Home/button_buynow' is clicked on

2022-01-24 21:00:46 - [MESSAGE][PASSED] - Object: 'Object Repository/Home/button_buynow' is clicked on

2022-01-24 21:00:46 - [TEST_STEP][PASSED] - setText(findTestObject("ShoppingCart/input_amount"), "120000"): Text '120000' is set on object 'Object Repository/ShoppingCart/input_amount'

2022-01-24 21:00:47 - [MESSAGE][PASSED] - Text '120000' is set on object 'Object Repository/ShoppingCart/input_amount'

2022-01-24 21:00:47 - [TEST_STEP][PASSED] - setText(findTestObject("ShoppingCart/input_username"), "Fanny"): Text 'Fanny' is set on object 'Object Repository/ShoppingCart/input_username'

2022-01-24 21:00:48 - [MESSAGE][PASSED] - Text 'Fanny' is set on object 'Object Repository/ShoppingCart/input_username'

2022-01-24 21:00:48 - [TEST_STEP][PASSED] - setText(findTestObject("ShoppingCart/input_email"), "anindy99@gmail.com"): Text 'anindy99@gmail.com' is set on object 'Object Repository/ShoppingCart/input_email'

2022-01-24 21:00:49 - [MESSAGE][PASSED] - Text 'anindy99@gmail.com' is set on object 'Object Repository/ShoppingCart/input_email'

2022-01-24 21:00:49 - [TEST_STEP][PASSED] - setText(findTestObject("ShoppingCart/input_notlp"), "087875751882"): Text '087875751882' is set on object 'Object Repository/ShoppingCart/input_notlp'

2022-01-24 21:00:50 - [MESSAGE][PASSED] - Text '087875751882' is set on object 'Object Repository/ShoppingCart/input_notlp'

2022-01-24 21:00:50 - [TEST_STEP][PASSED] - setText(findTestObject("ShoppingCart/input_city"), "Jakarta Selatan"): Text 'Jakarta Selatan' is set on object 'Object Repository/ShoppingCart/input_city'

2022-01-24 21:00:51 - [MESSAGE][PASSED] - Text 'Jakarta Selatan' is set on object 'Object Repository/ShoppingCart/input_city'

2022-01-24 21:00:51 - [TEST_STEP][PASSED] - setText(findTestObject("ShoppingCart/input_address"), "Jl. Damai 1"): Text 'Jl. Damai 1' is set on object 'Object Repository/ShoppingCart/input_address'

2022-01-24 21:00:52 - [MESSAGE][PASSED] - Text 'Jl. Damai 1' is set on object 'Object Repository/ShoppingCart/input_address'

2022-01-24 21:00:52 - [TEST_STEP][PASSED] - setText(findTestObject("ShoppingCart/input_kodepos"), "12270"): Text '12270' is set on object 'Object Repository/ShoppingCart/input_kodepos'

2022-01-24 21:00:52 - [MESSAGE][PASSED] - Text '12270' is set on object 'Object Repository/ShoppingCart/input_kodepos'

2022-01-24 21:00:52 - [TEST_STEP][PASSED] - click(findTestObject("ShoppingCart/button_checkout"), STOP_ON_FAILURE): Object: 'Object Repository/ShoppingCart/button_checkout' is clicked on

2022-01-24 21:00:53 - [MESSAGE][PASSED] - Object: 'Object Repository/ShoppingCart/button_checkout' is clicked on]]></system-out>
         <system-err><![CDATA[]]></system-err>
      </testcase>
      <testcase name="Test Cases/TC06" time="14.153" classname="Test Cases/TC06" status="PASSED">
         <system-out><![CDATA[2022-01-24 21:00:53 - [TEST_CASE][PASSED] - Test Cases/TC06: Test Cases/TC06

2022-01-24 21:00:53 - [TEST_STEP][PASSED] - openBrowser(""): Browser is opened with url: ''

2022-01-24 21:00:53 - [MESSAGE][WARNING] - A browser is already opened. Closing browser and opening a new one

2022-01-24 21:00:54 - [MESSAGE][INFO] - Starting 'Chrome' driver

2022-01-24 21:00:54 - [MESSAGE][INFO] - Action delay is set to 0 milliseconds

2022-01-24 21:00:56 - [MESSAGE][PASSED] - Browser is opened with url: ''

2022-01-24 21:00:56 - [TEST_STEP][PASSED] - navigateToUrl("demo.midtrans.com"): Navigate to 'http://demo.midtrans.com' successfully

2022-01-24 21:00:57 - [MESSAGE][PASSED] - Navigate to 'http://demo.midtrans.com' successfully

2022-01-24 21:00:57 - [TEST_STEP][PASSED] - click(findTestObject("Home/button_buynow")): Object: 'Object Repository/Home/button_buynow' is clicked on

2022-01-24 21:00:57 - [MESSAGE][PASSED] - Object: 'Object Repository/Home/button_buynow' is clicked on

2022-01-24 21:00:57 - [TEST_STEP][PASSED] - setText(findTestObject("ShoppingCart/input_amount"), "120000"): Text '120000' is set on object 'Object Repository/ShoppingCart/input_amount'

2022-01-24 21:00:58 - [MESSAGE][PASSED] - Text '120000' is set on object 'Object Repository/ShoppingCart/input_amount'

2022-01-24 21:00:58 - [TEST_STEP][PASSED] - setText(findTestObject("ShoppingCart/input_username"), "Fanny"): Text 'Fanny' is set on object 'Object Repository/ShoppingCart/input_username'

2022-01-24 21:00:59 - [MESSAGE][PASSED] - Text 'Fanny' is set on object 'Object Repository/ShoppingCart/input_username'

2022-01-24 21:00:59 - [TEST_STEP][PASSED] - setText(findTestObject("ShoppingCart/input_email"), "anindy99@gmail.com"): Text 'anindy99@gmail.com' is set on object 'Object Repository/ShoppingCart/input_email'

2022-01-24 21:01:00 - [MESSAGE][PASSED] - Text 'anindy99@gmail.com' is set on object 'Object Repository/ShoppingCart/input_email'

2022-01-24 21:01:00 - [TEST_STEP][PASSED] - setText(findTestObject("ShoppingCart/input_notlp"), "087875751882"): Text '087875751882' is set on object 'Object Repository/ShoppingCart/input_notlp'

2022-01-24 21:01:02 - [MESSAGE][PASSED] - Text '087875751882' is set on object 'Object Repository/ShoppingCart/input_notlp'

2022-01-24 21:01:02 - [TEST_STEP][PASSED] - setText(findTestObject("ShoppingCart/input_city"), "Jakarta Selatan"): Text 'Jakarta Selatan' is set on object 'Object Repository/ShoppingCart/input_city'

2022-01-24 21:01:02 - [MESSAGE][PASSED] - Text 'Jakarta Selatan' is set on object 'Object Repository/ShoppingCart/input_city'

2022-01-24 21:01:02 - [TEST_STEP][PASSED] - setText(findTestObject("ShoppingCart/input_address"), "Jl. Damai 1"): Text 'Jl. Damai 1' is set on object 'Object Repository/ShoppingCart/input_address'

2022-01-24 21:01:03 - [MESSAGE][PASSED] - Text 'Jl. Damai 1' is set on object 'Object Repository/ShoppingCart/input_address'

2022-01-24 21:01:03 - [TEST_STEP][PASSED] - setText(findTestObject("ShoppingCart/input_kodepos"), "12270"): Text '12270' is set on object 'Object Repository/ShoppingCart/input_kodepos'

2022-01-24 21:01:04 - [MESSAGE][PASSED] - Text '12270' is set on object 'Object Repository/ShoppingCart/input_kodepos'

2022-01-24 21:01:04 - [TEST_STEP][PASSED] - click(findTestObject("ShoppingCart/button_checkout")): Object: 'Object Repository/ShoppingCart/button_checkout' is clicked on

2022-01-24 21:01:05 - [MESSAGE][PASSED] - Object: 'Object Repository/ShoppingCart/button_checkout' is clicked on

2022-01-24 21:01:05 - [TEST_STEP][PASSED] - click(findTestObject("Ordersummary/button_continue")): Object: 'Object Repository/Ordersummary/button_continue' is clicked on

2022-01-24 21:01:06 - [MESSAGE][PASSED] - Object: 'Object Repository/Ordersummary/button_continue' is clicked on

2022-01-24 21:01:06 - [TEST_STEP][PASSED] - click(findTestObject("Ordersummary/select_payment")): Object: 'Object Repository/Ordersummary/select_payment' is clicked on

2022-01-24 21:01:07 - [MESSAGE][PASSED] - Object: 'Object Repository/Ordersummary/select_payment' is clicked on]]></system-out>
         <system-err><![CDATA[]]></system-err>
      </testcase>
      <testcase name="Test Cases/TC07" time="14.148" classname="Test Cases/TC07" status="PASSED">
         <system-out><![CDATA[2022-01-24 21:01:07 - [TEST_CASE][PASSED] - Test Cases/TC07: Test Cases/TC07

2022-01-24 21:01:08 - [TEST_STEP][PASSED] - openBrowser(""): Browser is opened with url: ''

2022-01-24 21:01:08 - [MESSAGE][WARNING] - A browser is already opened. Closing browser and opening a new one

2022-01-24 21:01:08 - [MESSAGE][INFO] - Starting 'Chrome' driver

2022-01-24 21:01:08 - [MESSAGE][INFO] - Action delay is set to 0 milliseconds

2022-01-24 21:01:10 - [MESSAGE][PASSED] - Browser is opened with url: ''

2022-01-24 21:01:10 - [TEST_STEP][PASSED] - navigateToUrl("demo.midtrans.com"): Navigate to 'http://demo.midtrans.com' successfully

2022-01-24 21:01:11 - [MESSAGE][PASSED] - Navigate to 'http://demo.midtrans.com' successfully

2022-01-24 21:01:11 - [TEST_STEP][PASSED] - click(findTestObject("Home/button_buynow")): Object: 'Object Repository/Home/button_buynow' is clicked on

2022-01-24 21:01:12 - [MESSAGE][PASSED] - Object: 'Object Repository/Home/button_buynow' is clicked on

2022-01-24 21:01:12 - [TEST_STEP][PASSED] - setText(findTestObject("ShoppingCart/input_amount"), "120000"): Text '120000' is set on object 'Object Repository/ShoppingCart/input_amount'

2022-01-24 21:01:12 - [MESSAGE][PASSED] - Text '120000' is set on object 'Object Repository/ShoppingCart/input_amount'

2022-01-24 21:01:12 - [TEST_STEP][PASSED] - setText(findTestObject("ShoppingCart/input_username"), "Fanny"): Text 'Fanny' is set on object 'Object Repository/ShoppingCart/input_username'

2022-01-24 21:01:13 - [MESSAGE][PASSED] - Text 'Fanny' is set on object 'Object Repository/ShoppingCart/input_username'

2022-01-24 21:01:13 - [TEST_STEP][PASSED] - setText(findTestObject("ShoppingCart/input_email"), "anindy99@gmail.com"): Text 'anindy99@gmail.com' is set on object 'Object Repository/ShoppingCart/input_email'

2022-01-24 21:01:14 - [MESSAGE][PASSED] - Text 'anindy99@gmail.com' is set on object 'Object Repository/ShoppingCart/input_email'

2022-01-24 21:01:14 - [TEST_STEP][PASSED] - setText(findTestObject("ShoppingCart/input_notlp"), "087875751882"): Text '087875751882' is set on object 'Object Repository/ShoppingCart/input_notlp'

2022-01-24 21:01:15 - [MESSAGE][PASSED] - Text '087875751882' is set on object 'Object Repository/ShoppingCart/input_notlp'

2022-01-24 21:01:15 - [TEST_STEP][PASSED] - setText(findTestObject("ShoppingCart/input_city"), "Jakarta Selatan"): Text 'Jakarta Selatan' is set on object 'Object Repository/ShoppingCart/input_city'

2022-01-24 21:01:16 - [MESSAGE][PASSED] - Text 'Jakarta Selatan' is set on object 'Object Repository/ShoppingCart/input_city'

2022-01-24 21:01:16 - [TEST_STEP][PASSED] - setText(findTestObject("ShoppingCart/input_address"), "Jl. Damai 1"): Text 'Jl. Damai 1' is set on object 'Object Repository/ShoppingCart/input_address'

2022-01-24 21:01:17 - [MESSAGE][PASSED] - Text 'Jl. Damai 1' is set on object 'Object Repository/ShoppingCart/input_address'

2022-01-24 21:01:17 - [TEST_STEP][PASSED] - setText(findTestObject("ShoppingCart/input_kodepos"), "12270"): Text '12270' is set on object 'Object Repository/ShoppingCart/input_kodepos'

2022-01-24 21:01:18 - [MESSAGE][PASSED] - Text '12270' is set on object 'Object Repository/ShoppingCart/input_kodepos'

2022-01-24 21:01:18 - [TEST_STEP][PASSED] - click(findTestObject("ShoppingCart/button_checkout")): Object: 'Object Repository/ShoppingCart/button_checkout' is clicked on

2022-01-24 21:01:19 - [MESSAGE][PASSED] - Object: 'Object Repository/ShoppingCart/button_checkout' is clicked on

2022-01-24 21:01:19 - [TEST_STEP][PASSED] - click(findTestObject("Ordersummary/button_continue")): Object: 'Object Repository/Ordersummary/button_continue' is clicked on

2022-01-24 21:01:20 - [MESSAGE][PASSED] - Object: 'Object Repository/Ordersummary/button_continue' is clicked on

2022-01-24 21:01:20 - [TEST_STEP][PASSED] - click(findTestObject("Ordersummary/select_payment")): Object: 'Object Repository/Ordersummary/select_payment' is clicked on

2022-01-24 21:01:21 - [MESSAGE][PASSED] - Object: 'Object Repository/Ordersummary/select_payment' is clicked on]]></system-out>
         <system-err><![CDATA[]]></system-err>
      </testcase>
      <testcase name="Test Cases/TC08" time="17.122" classname="Test Cases/TC08" status="PASSED">
         <system-out><![CDATA[2022-01-24 21:01:21 - [TEST_CASE][PASSED] - Test Cases/TC08: Test Cases/TC08

2022-01-24 21:01:22 - [TEST_STEP][PASSED] - openBrowser(""): Browser is opened with url: ''

2022-01-24 21:01:22 - [MESSAGE][WARNING] - A browser is already opened. Closing browser and opening a new one

2022-01-24 21:01:23 - [MESSAGE][INFO] - Starting 'Chrome' driver

2022-01-24 21:01:23 - [MESSAGE][INFO] - Action delay is set to 0 milliseconds

2022-01-24 21:01:24 - [MESSAGE][PASSED] - Browser is opened with url: ''

2022-01-24 21:01:24 - [TEST_STEP][PASSED] - navigateToUrl("demo.midtrans.com"): Navigate to 'http://demo.midtrans.com' successfully

2022-01-24 21:01:25 - [MESSAGE][PASSED] - Navigate to 'http://demo.midtrans.com' successfully

2022-01-24 21:01:25 - [TEST_STEP][PASSED] - click(findTestObject("Home/button_buynow")): Object: 'Object Repository/Home/button_buynow' is clicked on

2022-01-24 21:01:26 - [MESSAGE][PASSED] - Object: 'Object Repository/Home/button_buynow' is clicked on

2022-01-24 21:01:26 - [TEST_STEP][PASSED] - setText(findTestObject("ShoppingCart/input_amount"), "120000"): Text '120000' is set on object 'Object Repository/ShoppingCart/input_amount'

2022-01-24 21:01:27 - [MESSAGE][PASSED] - Text '120000' is set on object 'Object Repository/ShoppingCart/input_amount'

2022-01-24 21:01:27 - [TEST_STEP][PASSED] - setText(findTestObject("ShoppingCart/input_username"), "Fanny"): Text 'Fanny' is set on object 'Object Repository/ShoppingCart/input_username'

2022-01-24 21:01:28 - [MESSAGE][PASSED] - Text 'Fanny' is set on object 'Object Repository/ShoppingCart/input_username'

2022-01-24 21:01:28 - [TEST_STEP][PASSED] - setText(findTestObject("ShoppingCart/input_email"), "anindy99@gmail.com"): Text 'anindy99@gmail.com' is set on object 'Object Repository/ShoppingCart/input_email'

2022-01-24 21:01:29 - [MESSAGE][PASSED] - Text 'anindy99@gmail.com' is set on object 'Object Repository/ShoppingCart/input_email'

2022-01-24 21:01:29 - [TEST_STEP][PASSED] - setText(findTestObject("ShoppingCart/input_notlp"), "087875751882"): Text '087875751882' is set on object 'Object Repository/ShoppingCart/input_notlp'

2022-01-24 21:01:29 - [MESSAGE][PASSED] - Text '087875751882' is set on object 'Object Repository/ShoppingCart/input_notlp'

2022-01-24 21:01:29 - [TEST_STEP][PASSED] - setText(findTestObject("ShoppingCart/input_city"), "Jakarta Selatan"): Text 'Jakarta Selatan' is set on object 'Object Repository/ShoppingCart/input_city'

2022-01-24 21:01:30 - [MESSAGE][PASSED] - Text 'Jakarta Selatan' is set on object 'Object Repository/ShoppingCart/input_city'

2022-01-24 21:01:30 - [TEST_STEP][PASSED] - setText(findTestObject("ShoppingCart/input_address"), "Jl. Damai 1"): Text 'Jl. Damai 1' is set on object 'Object Repository/ShoppingCart/input_address'

2022-01-24 21:01:31 - [MESSAGE][PASSED] - Text 'Jl. Damai 1' is set on object 'Object Repository/ShoppingCart/input_address'

2022-01-24 21:01:31 - [TEST_STEP][PASSED] - setText(findTestObject("ShoppingCart/input_kodepos"), "12270"): Text '12270' is set on object 'Object Repository/ShoppingCart/input_kodepos'

2022-01-24 21:01:32 - [MESSAGE][PASSED] - Text '12270' is set on object 'Object Repository/ShoppingCart/input_kodepos'

2022-01-24 21:01:32 - [TEST_STEP][PASSED] - click(findTestObject("ShoppingCart/button_checkout")): Object: 'Object Repository/ShoppingCart/button_checkout' is clicked on

2022-01-24 21:01:33 - [MESSAGE][PASSED] - Object: 'Object Repository/ShoppingCart/button_checkout' is clicked on

2022-01-24 21:01:33 - [TEST_STEP][PASSED] - click(findTestObject("Ordersummary/button_continue")): Object: 'Object Repository/Ordersummary/button_continue' is clicked on

2022-01-24 21:01:34 - [MESSAGE][PASSED] - Object: 'Object Repository/Ordersummary/button_continue' is clicked on

2022-01-24 21:01:34 - [TEST_STEP][PASSED] - click(findTestObject("Ordersummary/select_payment")): Object: 'Object Repository/Ordersummary/select_payment' is clicked on

2022-01-24 21:01:35 - [MESSAGE][PASSED] - Object: 'Object Repository/Ordersummary/select_payment' is clicked on

2022-01-24 21:01:35 - [TEST_STEP][PASSED] - setText(findTestObject("Ordersummary/input_cardnumber"), "4811 1111 1111 1114"): Text '4811 1111 1111 1114' is set on object 'Object Repository/Ordersummary/input_cardnumber'

2022-01-24 21:01:36 - [MESSAGE][PASSED] - Text '4811 1111 1111 1114' is set on object 'Object Repository/Ordersummary/input_cardnumber'

2022-01-24 21:01:36 - [TEST_STEP][PASSED] - setText(findTestObject("Ordersummary/input_expireddate"), "01/25"): Text '01/25' is set on object 'Object Repository/Ordersummary/input_expireddate'

2022-01-24 21:01:37 - [MESSAGE][PASSED] - Text '01/25' is set on object 'Object Repository/Ordersummary/input_expireddate'

2022-01-24 21:01:37 - [TEST_STEP][PASSED] - setText(findTestObject("Ordersummary/input_cvv"), "123"): Text '123' is set on object 'Object Repository/Ordersummary/input_cvv'

2022-01-24 21:01:38 - [MESSAGE][PASSED] - Text '123' is set on object 'Object Repository/Ordersummary/input_cvv'

2022-01-24 21:01:38 - [TEST_STEP][PASSED] - click(findTestObject("Ordersummary/pay_now"), STOP_ON_FAILURE): Object: 'Object Repository/Ordersummary/pay_now' is clicked on

2022-01-24 21:01:38 - [MESSAGE][PASSED] - Object: 'Object Repository/Ordersummary/pay_now' is clicked on]]></system-out>
         <system-err><![CDATA[]]></system-err>
      </testcase>
      <testcase name="Test Cases/TC09" time="19.516" classname="Test Cases/TC09" status="PASSED">
         <system-out><![CDATA[2022-01-24 21:01:38 - [TEST_CASE][PASSED] - Test Cases/TC09: Test Cases/TC09

2022-01-24 21:01:39 - [TEST_STEP][PASSED] - openBrowser(""): Browser is opened with url: ''

2022-01-24 21:01:39 - [MESSAGE][WARNING] - A browser is already opened. Closing browser and opening a new one

2022-01-24 21:01:40 - [MESSAGE][INFO] - Starting 'Chrome' driver

2022-01-24 21:01:40 - [MESSAGE][INFO] - Action delay is set to 0 milliseconds

2022-01-24 21:01:41 - [MESSAGE][PASSED] - Browser is opened with url: ''

2022-01-24 21:01:41 - [TEST_STEP][PASSED] - navigateToUrl("demo.midtrans.com"): Navigate to 'http://demo.midtrans.com' successfully

2022-01-24 21:01:42 - [MESSAGE][PASSED] - Navigate to 'http://demo.midtrans.com' successfully

2022-01-24 21:01:42 - [TEST_STEP][PASSED] - click(findTestObject("Home/button_buynow")): Object: 'Object Repository/Home/button_buynow' is clicked on

2022-01-24 21:01:43 - [MESSAGE][PASSED] - Object: 'Object Repository/Home/button_buynow' is clicked on

2022-01-24 21:01:43 - [TEST_STEP][PASSED] - setText(findTestObject("ShoppingCart/input_amount"), "120000"): Text '120000' is set on object 'Object Repository/ShoppingCart/input_amount'

2022-01-24 21:01:44 - [MESSAGE][PASSED] - Text '120000' is set on object 'Object Repository/ShoppingCart/input_amount'

2022-01-24 21:01:44 - [TEST_STEP][PASSED] - setText(findTestObject("ShoppingCart/input_username"), "Fanny"): Text 'Fanny' is set on object 'Object Repository/ShoppingCart/input_username'

2022-01-24 21:01:45 - [MESSAGE][PASSED] - Text 'Fanny' is set on object 'Object Repository/ShoppingCart/input_username'

2022-01-24 21:01:45 - [TEST_STEP][PASSED] - setText(findTestObject("ShoppingCart/input_email"), "anindy99@gmail.com"): Text 'anindy99@gmail.com' is set on object 'Object Repository/ShoppingCart/input_email'

2022-01-24 21:01:46 - [MESSAGE][PASSED] - Text 'anindy99@gmail.com' is set on object 'Object Repository/ShoppingCart/input_email'

2022-01-24 21:01:46 - [TEST_STEP][PASSED] - setText(findTestObject("ShoppingCart/input_notlp"), "087875751882"): Text '087875751882' is set on object 'Object Repository/ShoppingCart/input_notlp'

2022-01-24 21:01:47 - [MESSAGE][PASSED] - Text '087875751882' is set on object 'Object Repository/ShoppingCart/input_notlp'

2022-01-24 21:01:47 - [TEST_STEP][PASSED] - setText(findTestObject("ShoppingCart/input_city"), "Jakarta Selatan"): Text 'Jakarta Selatan' is set on object 'Object Repository/ShoppingCart/input_city'

2022-01-24 21:01:47 - [MESSAGE][PASSED] - Text 'Jakarta Selatan' is set on object 'Object Repository/ShoppingCart/input_city'

2022-01-24 21:01:47 - [TEST_STEP][PASSED] - setText(findTestObject("ShoppingCart/input_address"), "Jl. Damai 1"): Text 'Jl. Damai 1' is set on object 'Object Repository/ShoppingCart/input_address'

2022-01-24 21:01:48 - [MESSAGE][PASSED] - Text 'Jl. Damai 1' is set on object 'Object Repository/ShoppingCart/input_address'

2022-01-24 21:01:48 - [TEST_STEP][PASSED] - setText(findTestObject("ShoppingCart/input_kodepos"), "12270"): Text '12270' is set on object 'Object Repository/ShoppingCart/input_kodepos'

2022-01-24 21:01:49 - [MESSAGE][PASSED] - Text '12270' is set on object 'Object Repository/ShoppingCart/input_kodepos'

2022-01-24 21:01:49 - [TEST_STEP][PASSED] - click(findTestObject("ShoppingCart/button_checkout")): Object: 'Object Repository/ShoppingCart/button_checkout' is clicked on

2022-01-24 21:01:50 - [MESSAGE][PASSED] - Object: 'Object Repository/ShoppingCart/button_checkout' is clicked on

2022-01-24 21:01:50 - [TEST_STEP][PASSED] - click(findTestObject("Ordersummary/button_continue")): Object: 'Object Repository/Ordersummary/button_continue' is clicked on

2022-01-24 21:01:51 - [MESSAGE][PASSED] - Object: 'Object Repository/Ordersummary/button_continue' is clicked on

2022-01-24 21:01:51 - [TEST_STEP][PASSED] - click(findTestObject("Ordersummary/select_payment")): Object: 'Object Repository/Ordersummary/select_payment' is clicked on

2022-01-24 21:01:52 - [MESSAGE][PASSED] - Object: 'Object Repository/Ordersummary/select_payment' is clicked on

2022-01-24 21:01:52 - [TEST_STEP][PASSED] - setText(findTestObject("Ordersummary/input_cardnumber"), "4811 1111 1111 1114"): Text '4811 1111 1111 1114' is set on object 'Object Repository/Ordersummary/input_cardnumber'

2022-01-24 21:01:53 - [MESSAGE][PASSED] - Text '4811 1111 1111 1114' is set on object 'Object Repository/Ordersummary/input_cardnumber'

2022-01-24 21:01:53 - [TEST_STEP][PASSED] - setText(findTestObject("Ordersummary/input_expireddate"), "01/25"): Text '01/25' is set on object 'Object Repository/Ordersummary/input_expireddate'

2022-01-24 21:01:54 - [MESSAGE][PASSED] - Text '01/25' is set on object 'Object Repository/Ordersummary/input_expireddate'

2022-01-24 21:01:54 - [TEST_STEP][PASSED] - setText(findTestObject("Ordersummary/input_cvv"), "123"): Text '123' is set on object 'Object Repository/Ordersummary/input_cvv'

2022-01-24 21:01:54 - [MESSAGE][PASSED] - Text '123' is set on object 'Object Repository/Ordersummary/input_cvv'

2022-01-24 21:01:54 - [TEST_STEP][PASSED] - click(findTestObject("Ordersummary/pay_now"), STOP_ON_FAILURE): Object: 'Object Repository/Ordersummary/pay_now' is clicked on

2022-01-24 21:01:55 - [MESSAGE][PASSED] - Object: 'Object Repository/Ordersummary/pay_now' is clicked on

2022-01-24 21:01:55 - [TEST_STEP][PASSED] - setText(findTestObject("Ordersummary/input_password"), "112233"): Text '112233' is set on object 'Object Repository/Ordersummary/input_password'

2022-01-24 21:01:58 - [MESSAGE][PASSED] - Text '112233' is set on object 'Object Repository/Ordersummary/input_password']]></system-out>
         <system-err><![CDATA[]]></system-err>
      </testcase>
      <testcase name="Test Cases/TC10" time="20.273" classname="Test Cases/TC10" status="PASSED">
         <system-out><![CDATA[2022-01-24 21:01:58 - [TEST_CASE][PASSED] - Test Cases/TC10: Test Cases/TC10

2022-01-24 21:01:58 - [TEST_STEP][PASSED] - openBrowser(""): Browser is opened with url: ''

2022-01-24 21:01:58 - [MESSAGE][WARNING] - A browser is already opened. Closing browser and opening a new one

2022-01-24 21:01:59 - [MESSAGE][INFO] - Starting 'Chrome' driver

2022-01-24 21:01:59 - [MESSAGE][INFO] - Action delay is set to 0 milliseconds

2022-01-24 21:02:00 - [MESSAGE][PASSED] - Browser is opened with url: ''

2022-01-24 21:02:00 - [TEST_STEP][PASSED] - navigateToUrl("demo.midtrans.com"): Navigate to 'http://demo.midtrans.com' successfully

2022-01-24 21:02:02 - [MESSAGE][PASSED] - Navigate to 'http://demo.midtrans.com' successfully

2022-01-24 21:02:02 - [TEST_STEP][PASSED] - click(findTestObject("Home/button_buynow")): Object: 'Object Repository/Home/button_buynow' is clicked on

2022-01-24 21:02:02 - [MESSAGE][PASSED] - Object: 'Object Repository/Home/button_buynow' is clicked on

2022-01-24 21:02:02 - [TEST_STEP][PASSED] - setText(findTestObject("ShoppingCart/input_amount"), "120000"): Text '120000' is set on object 'Object Repository/ShoppingCart/input_amount'

2022-01-24 21:02:03 - [MESSAGE][PASSED] - Text '120000' is set on object 'Object Repository/ShoppingCart/input_amount'

2022-01-24 21:02:03 - [TEST_STEP][PASSED] - setText(findTestObject("ShoppingCart/input_username"), "Fanny"): Text 'Fanny' is set on object 'Object Repository/ShoppingCart/input_username'

2022-01-24 21:02:04 - [MESSAGE][PASSED] - Text 'Fanny' is set on object 'Object Repository/ShoppingCart/input_username'

2022-01-24 21:02:04 - [TEST_STEP][PASSED] - setText(findTestObject("ShoppingCart/input_email"), "anindy99@gmail.com"): Text 'anindy99@gmail.com' is set on object 'Object Repository/ShoppingCart/input_email'

2022-01-24 21:02:05 - [MESSAGE][PASSED] - Text 'anindy99@gmail.com' is set on object 'Object Repository/ShoppingCart/input_email'

2022-01-24 21:02:05 - [TEST_STEP][PASSED] - setText(findTestObject("ShoppingCart/input_notlp"), "087875751882"): Text '087875751882' is set on object 'Object Repository/ShoppingCart/input_notlp'

2022-01-24 21:02:06 - [MESSAGE][PASSED] - Text '087875751882' is set on object 'Object Repository/ShoppingCart/input_notlp'

2022-01-24 21:02:06 - [TEST_STEP][PASSED] - setText(findTestObject("ShoppingCart/input_city"), "Jakarta Selatan"): Text 'Jakarta Selatan' is set on object 'Object Repository/ShoppingCart/input_city'

2022-01-24 21:02:07 - [MESSAGE][PASSED] - Text 'Jakarta Selatan' is set on object 'Object Repository/ShoppingCart/input_city'

2022-01-24 21:02:07 - [TEST_STEP][PASSED] - setText(findTestObject("ShoppingCart/input_address"), "Jl. Damai 1"): Text 'Jl. Damai 1' is set on object 'Object Repository/ShoppingCart/input_address'

2022-01-24 21:02:08 - [MESSAGE][PASSED] - Text 'Jl. Damai 1' is set on object 'Object Repository/ShoppingCart/input_address'

2022-01-24 21:02:08 - [TEST_STEP][PASSED] - setText(findTestObject("ShoppingCart/input_kodepos"), "12270"): Text '12270' is set on object 'Object Repository/ShoppingCart/input_kodepos'

2022-01-24 21:02:09 - [MESSAGE][PASSED] - Text '12270' is set on object 'Object Repository/ShoppingCart/input_kodepos'

2022-01-24 21:02:09 - [TEST_STEP][PASSED] - click(findTestObject("ShoppingCart/button_checkout")): Object: 'Object Repository/ShoppingCart/button_checkout' is clicked on

2022-01-24 21:02:09 - [MESSAGE][PASSED] - Object: 'Object Repository/ShoppingCart/button_checkout' is clicked on

2022-01-24 21:02:09 - [TEST_STEP][PASSED] - click(findTestObject("Ordersummary/button_continue")): Object: 'Object Repository/Ordersummary/button_continue' is clicked on

2022-01-24 21:02:11 - [MESSAGE][PASSED] - Object: 'Object Repository/Ordersummary/button_continue' is clicked on

2022-01-24 21:02:11 - [TEST_STEP][PASSED] - click(findTestObject("Ordersummary/select_payment")): Object: 'Object Repository/Ordersummary/select_payment' is clicked on

2022-01-24 21:02:11 - [MESSAGE][PASSED] - Object: 'Object Repository/Ordersummary/select_payment' is clicked on

2022-01-24 21:02:11 - [TEST_STEP][PASSED] - setText(findTestObject("Ordersummary/input_cardnumber"), "4811 1111 1111 1114"): Text '4811 1111 1111 1114' is set on object 'Object Repository/Ordersummary/input_cardnumber'

2022-01-24 21:02:12 - [MESSAGE][PASSED] - Text '4811 1111 1111 1114' is set on object 'Object Repository/Ordersummary/input_cardnumber'

2022-01-24 21:02:12 - [TEST_STEP][PASSED] - setText(findTestObject("Ordersummary/input_expireddate"), "01/25"): Text '01/25' is set on object 'Object Repository/Ordersummary/input_expireddate'

2022-01-24 21:02:13 - [MESSAGE][PASSED] - Text '01/25' is set on object 'Object Repository/Ordersummary/input_expireddate'

2022-01-24 21:02:13 - [TEST_STEP][PASSED] - setText(findTestObject("Ordersummary/input_cvv"), "123"): Text '123' is set on object 'Object Repository/Ordersummary/input_cvv'

2022-01-24 21:02:14 - [MESSAGE][PASSED] - Text '123' is set on object 'Object Repository/Ordersummary/input_cvv'

2022-01-24 21:02:14 - [TEST_STEP][PASSED] - click(findTestObject("Ordersummary/pay_now"), STOP_ON_FAILURE): Object: 'Object Repository/Ordersummary/pay_now' is clicked on

2022-01-24 21:02:15 - [MESSAGE][PASSED] - Object: 'Object Repository/Ordersummary/pay_now' is clicked on

2022-01-24 21:02:15 - [TEST_STEP][PASSED] - setText(findTestObject("Ordersummary/input_password"), "112233"): Text '112233' is set on object 'Object Repository/Ordersummary/input_password'

2022-01-24 21:02:17 - [MESSAGE][PASSED] - Text '112233' is set on object 'Object Repository/Ordersummary/input_password'

2022-01-24 21:02:17 - [TEST_STEP][PASSED] - click(findTestObject("Ordersummary/button_ok")): Object: 'Object Repository/Ordersummary/button_ok' is clicked on

2022-01-24 21:02:18 - [MESSAGE][PASSED] - Object: 'Object Repository/Ordersummary/button_ok' is clicked on]]></system-out>
         <system-err><![CDATA[]]></system-err>
      </testcase>
      <system-out><![CDATA[2022-01-24 21:00:18 - [TEST_SUITE][PASSED] - SP1: Test Cases/TC10]]></system-out>
      <system-err><![CDATA[]]></system-err>
   </testsuite>
</testsuites>
